<?xml version="1.0" encoding="UTF-8"?>
<coverage generated="1758519501430" clover="3.2.0">
  <project timestamp="1758519501430" name="All files">
    <metrics statements="130" coveredstatements="111" conditionals="15" coveredconditionals="12" methods="10" coveredmethods="9" elements="155" coveredelements="132" complexity="0" loc="130" ncloc="130" packages="3" files="5" classes="5"/>
    <package name="src">
      <metrics statements="79" coveredstatements="60" conditionals="4" coveredconditionals="2" methods="3" coveredmethods="2"/>
      <file name="FirstStepsApp.tsx" path="C:\Users\daved\OneDrive\Escritorio\React\02-first-stepts\src\FirstStepsApp.tsx">
        <metrics statements="25" coveredstatements="25" conditionals="1" coveredconditionals="1" methods="1" coveredmethods="1"/>
        <line num="1" count="1" type="stmt"/>
        <line num="2" count="1" type="stmt"/>
        <line num="3" count="1" type="stmt"/>
        <line num="12" count="1" type="stmt"/>
        <line num="13" count="1" type="stmt"/>
        <line num="14" count="1" type="stmt"/>
        <line num="15" count="1" type="stmt"/>
        <line num="16" count="1" type="stmt"/>
        <line num="17" count="1" type="stmt"/>
        <line num="18" count="1" type="stmt"/>
        <line num="20" count="1" type="stmt"/>
        <line num="21" count="1" type="stmt"/>
        <line num="22" count="1" type="cond" truecount="1" falsecount="0"/>
        <line num="23" count="3" type="stmt"/>
        <line num="24" count="3" type="stmt"/>
        <line num="26" count="3" type="stmt"/>
        <line num="29" count="3" type="stmt"/>
        <line num="30" count="3" type="stmt"/>
        <line num="31" count="3" type="stmt"/>
        <line num="32" count="3" type="stmt"/>
        <line num="33" count="3" type="stmt"/>
        <line num="34" count="3" type="stmt"/>
        <line num="35" count="3" type="stmt"/>
        <line num="36" count="3" type="stmt"/>
        <line num="50" count="3" type="stmt"/>
      </file>
      <file name="MyAwesomeApp.tsx" path="C:\Users\daved\OneDrive\Escritorio\React\02-first-stepts\src\MyAwesomeApp.tsx">
        <metrics statements="35" coveredstatements="35" conditionals="2" coveredconditionals="1" methods="1" coveredmethods="1"/>
        <line num="1" count="1" type="stmt"/>
        <line num="2" count="1" type="stmt"/>
        <line num="5" count="1" type="stmt"/>
        <line num="6" count="1" type="stmt"/>
        <line num="7" count="1" type="stmt"/>
        <line num="9" count="1" type="stmt"/>
        <line num="10" count="1" type="stmt"/>
        <line num="12" count="1" type="stmt"/>
        <line num="13" count="1" type="stmt"/>
        <line num="15" count="1" type="stmt"/>
        <line num="16" count="1" type="stmt"/>
        <line num="17" count="1" type="stmt"/>
        <line num="18" count="1" type="stmt"/>
        <line num="19" count="1" type="stmt"/>
        <line num="21" count="1" type="stmt"/>
        <line num="22" count="1" type="stmt"/>
        <line num="23" count="1" type="stmt"/>
        <line num="24" count="1" type="stmt"/>
        <line num="25" count="1" type="stmt"/>
        <line num="26" count="1" type="stmt"/>
        <line num="27" count="1" type="stmt"/>
        <line num="28" count="1" type="stmt"/>
        <line num="30" count="1" type="stmt"/>
        <line num="31" count="1" type="stmt"/>
        <line num="32" count="1" type="cond" truecount="1" falsecount="0"/>
        <line num="34" count="4" type="stmt"/>
        <line num="35" count="4" type="stmt"/>
        <line num="36" count="4" type="stmt"/>
        <line num="38" count="4" type="stmt"/>
        <line num="39" count="4" type="stmt"/>
        <line num="42" count="4" type="stmt"/>
        <line num="45" count="4" type="stmt"/>
        <line num="48" count="4" type="cond" truecount="0" falsecount="1"/>
        <line num="51" count="4" type="stmt"/>
        <line num="54" count="4" type="stmt"/>
      </file>
      <file name="main.tsx" path="C:\Users\daved\OneDrive\Escritorio\React\02-first-stepts\src\main.tsx">
        <metrics statements="19" coveredstatements="0" conditionals="1" coveredconditionals="0" methods="1" coveredmethods="0"/>
        <line num="1" count="0" type="cond" truecount="0" falsecount="1"/>
        <line num="2" count="0" type="stmt"/>
        <line num="3" count="0" type="stmt"/>
        <line num="4" count="0" type="stmt"/>
        <line num="6" count="0" type="stmt"/>
        <line num="7" count="0" type="stmt"/>
        <line num="8" count="0" type="stmt"/>
        <line num="10" count="0" type="stmt"/>
        <line num="12" count="0" type="stmt"/>
        <line num="13" count="0" type="stmt"/>
        <line num="15" count="0" type="stmt"/>
        <line num="16" count="0" type="stmt"/>
        <line num="17" count="0" type="stmt"/>
        <line num="18" count="0" type="stmt"/>
        <line num="19" count="0" type="stmt"/>
        <line num="20" count="0" type="stmt"/>
        <line num="21" count="0" type="stmt"/>
        <line num="22" count="0" type="stmt"/>
        <line num="24" count="0" type="stmt"/>
      </file>
    </package>
    <package name="src.helpers">
      <metrics statements="13" coveredstatements="13" conditionals="5" coveredconditionals="4" methods="4" coveredmethods="4"/>
      <file name="math.helper.ts" path="C:\Users\daved\OneDrive\Escritorio\React\02-first-stepts\src\helpers\math.helper.ts">
        <metrics statements="13" coveredstatements="13" conditionals="5" coveredconditionals="4" methods="4" coveredmethods="4"/>
        <line num="1" count="1" type="cond" truecount="1" falsecount="0"/>
        <line num="2" count="1" type="stmt"/>
        <line num="3" count="1" type="stmt"/>
        <line num="5" count="1" type="cond" truecount="1" falsecount="0"/>
        <line num="6" count="2" type="stmt"/>
        <line num="7" count="2" type="stmt"/>
        <line num="9" count="1" type="cond" truecount="1" falsecount="0"/>
        <line num="10" count="2" type="stmt"/>
        <line num="11" count="2" type="stmt"/>
        <line num="13" count="1" type="cond" truecount="1" falsecount="0"/>
        <line num="14" count="1" type="cond" truecount="0" falsecount="1"/>
        <line num="15" count="1" type="stmt"/>
        <line num="16" count="1" type="stmt"/>
      </file>
    </package>
    <package name="src.shopping-cart">
      <metrics statements="38" coveredstatements="38" conditionals="6" coveredconditionals="6" methods="3" coveredmethods="3"/>
      <file name="ItemCounter.tsx" path="C:\Users\daved\OneDrive\Escritorio\React\02-first-stepts\src\shopping-cart\ItemCounter.tsx">
        <metrics statements="38" coveredstatements="38" conditionals="6" coveredconditionals="6" methods="3" coveredmethods="3"/>
        <line num="1" count="1" type="stmt"/>
        <line num="2" count="1" type="stmt"/>
        <line num="3" count="1" type="stmt"/>
        <line num="5" count="1" type="stmt"/>
        <line num="6" count="1" type="stmt"/>
        <line num="7" count="1" type="stmt"/>
        <line num="17" count="1" type="stmt"/>
        <line num="18" count="1" type="stmt"/>
        <line num="19" count="1" type="stmt"/>
        <line num="20" count="1" type="cond" truecount="1" falsecount="0"/>
        <line num="21" count="8" type="stmt"/>
        <line num="22" count="8" type="stmt"/>
        <line num="23" count="8" type="stmt"/>
        <line num="25" count="8" type="stmt"/>
        <line num="26" count="8" type="cond" truecount="1" falsecount="0"/>
        <line num="27" count="1" type="stmt"/>
        <line num="28" count="1" type="stmt"/>
        <line num="30" count="8" type="stmt"/>
        <line num="31" count="8" type="stmt"/>
        <line num="32" count="8" type="cond" truecount="1" falsecount="0"/>
        <line num="33" count="2" type="cond" truecount="1" falsecount="0"/>
        <line num="34" count="1" type="stmt"/>
        <line num="35" count="1" type="stmt"/>
        <line num="37" count="8" type="stmt"/>
        <line num="38" count="8" type="stmt"/>
        <line num="39" count="8" type="stmt"/>
        <line num="40" count="8" type="stmt"/>
        <line num="43" count="8" type="stmt"/>
        <line num="44" count="8" type="stmt"/>
        <line num="45" count="8" type="stmt"/>
        <line num="46" count="8" type="stmt"/>
        <line num="47" count="8" type="cond" truecount="2" falsecount="0"/>
        <line num="48" count="8" type="stmt"/>
        <line num="50" count="8" type="stmt"/>
        <line num="54" count="8" type="stmt"/>
        <line num="57" count="8" type="stmt"/>
        <line num="60" count="8" type="stmt"/>
        <line num="63" count="8" type="stmt"/>
      </file>
    </package>
  </project>
</coverage>
