{"C:\\Users\\daved\\OneDrive\\Escritorio\\React\\02-first-stepts\\src\\FirstStepsApp.tsx": {"path":"C:\\Users\\daved\\OneDrive\\Escritorio\\React\\02-first-stepts\\src\\FirstStepsApp.tsx","all":false,"statementMap":{"0":{"start":{"line":1,"column":0},"end":{"line":1,"column":69}},"1":{"start":{"line":2,"column":0},"end":{"line":2,"column":73}},"2":{"start":{"line":3,"column":0},"end":{"line":3,"column":58}},"11":{"start":{"line":12,"column":0},"end":{"line":12,"column":49}},"12":{"start":{"line":13,"column":0},"end":{"line":13,"column":59}},"13":{"start":{"line":14,"column":0},"end":{"line":14,"column":35}},"14":{"start":{"line":15,"column":0},"end":{"line":15,"column":54}},"15":{"start":{"line":16,"column":0},"end":{"line":16,"column":51}},"16":{"start":{"line":17,"column":0},"end":{"line":17,"column":48}},"17":{"start":{"line":18,"column":0},"end":{"line":18,"column":2}},"19":{"start":{"line":20,"column":0},"end":{"line":20,"column":53}},"20":{"start":{"line":21,"column":0},"end":{"line":21,"column":82}},"21":{"start":{"line":22,"column":0},"end":{"line":22,"column":33}},"22":{"start":{"line":23,"column":0},"end":{"line":23,"column":12}},"23":{"start":{"line":24,"column":0},"end":{"line":24,"column":10}},"25":{"start":{"line":26,"column":0},"end":{"line":26,"column":39}},"28":{"start":{"line":29,"column":0},"end":{"line":29,"column":61}},"29":{"start":{"line":30,"column":0},"end":{"line":30,"column":67}},"30":{"start":{"line":31,"column":0},"end":{"line":31,"column":79}},"31":{"start":{"line":32,"column":0},"end":{"line":32,"column":87}},"32":{"start":{"line":33,"column":0},"end":{"line":33,"column":28}},"33":{"start":{"line":34,"column":0},"end":{"line":34,"column":37}},"34":{"start":{"line":35,"column":0},"end":{"line":35,"column":38}},"35":{"start":{"line":36,"column":0},"end":{"line":36,"column":39}},"49":{"start":{"line":50,"column":0},"end":{"line":50,"column":1}}},"s":{"0":1,"1":1,"2":1,"11":1,"12":1,"13":1,"14":1,"15":1,"16":1,"17":1,"19":1,"20":1,"21":1,"22":3,"23":3,"25":3,"28":3,"29":3,"30":3,"31":3,"32":3,"33":3,"34":3,"35":3,"49":3},"branchMap":{"0":{"type":"branch","line":22,"loc":{"start":{"line":22,"column":7},"end":{"line":50,"column":1}},"locations":[{"start":{"line":22,"column":7},"end":{"line":50,"column":1}}]}},"b":{"0":[3]},"fnMap":{"0":{"name":"FirstStepsApp","decl":{"start":{"line":22,"column":7},"end":{"line":50,"column":1}},"loc":{"start":{"line":22,"column":7},"end":{"line":50,"column":1}},"line":22}},"f":{"0":3}}
,"C:\\Users\\daved\\OneDrive\\Escritorio\\React\\02-first-stepts\\src\\MyAwesomeApp.tsx": {"path":"C:\\Users\\daved\\OneDrive\\Escritorio\\React\\02-first-stepts\\src\\MyAwesomeApp.tsx","all":false,"statementMap":{"0":{"start":{"line":1,"column":0},"end":{"line":1,"column":47}},"1":{"start":{"line":2,"column":0},"end":{"line":2,"column":79}},"4":{"start":{"line":5,"column":0},"end":{"line":5,"column":25}},"5":{"start":{"line":6,"column":0},"end":{"line":6,"column":25}},"6":{"start":{"line":7,"column":0},"end":{"line":7,"column":26}},"8":{"start":{"line":9,"column":0},"end":{"line":9,"column":79}},"9":{"start":{"line":10,"column":0},"end":{"line":10,"column":60}},"11":{"start":{"line":12,"column":0},"end":{"line":12,"column":59}},"12":{"start":{"line":13,"column":0},"end":{"line":13,"column":23}},"14":{"start":{"line":15,"column":0},"end":{"line":15,"column":74}},"15":{"start":{"line":16,"column":0},"end":{"line":16,"column":17}},"16":{"start":{"line":17,"column":0},"end":{"line":17,"column":23}},"17":{"start":{"line":18,"column":0},"end":{"line":18,"column":22}},"18":{"start":{"line":19,"column":0},"end":{"line":19,"column":1}},"20":{"start":{"line":21,"column":0},"end":{"line":21,"column":48}},"21":{"start":{"line":22,"column":0},"end":{"line":22,"column":73}},"22":{"start":{"line":23,"column":0},"end":{"line":23,"column":33}},"23":{"start":{"line":24,"column":0},"end":{"line":24,"column":31}},"24":{"start":{"line":25,"column":0},"end":{"line":25,"column":21}},"25":{"start":{"line":26,"column":0},"end":{"line":26,"column":16}},"26":{"start":{"line":27,"column":0},"end":{"line":27,"column":18}},"27":{"start":{"line":28,"column":0},"end":{"line":28,"column":1}},"29":{"start":{"line":30,"column":0},"end":{"line":30,"column":29}},"30":{"start":{"line":31,"column":0},"end":{"line":31,"column":58}},"31":{"start":{"line":32,"column":0},"end":{"line":32,"column":35}},"33":{"start":{"line":34,"column":0},"end":{"line":34,"column":36}},"34":{"start":{"line":35,"column":0},"end":{"line":35,"column":12}},"35":{"start":{"line":36,"column":0},"end":{"line":36,"column":35}},"37":{"start":{"line":38,"column":0},"end":{"line":38,"column":64}},"38":{"start":{"line":39,"column":0},"end":{"line":39,"column":31}},"41":{"start":{"line":42,"column":0},"end":{"line":42,"column":46}},"44":{"start":{"line":45,"column":0},"end":{"line":45,"column":26}},"47":{"start":{"line":48,"column":0},"end":{"line":48,"column":57}},"50":{"start":{"line":51,"column":0},"end":{"line":51,"column":61}},"53":{"start":{"line":54,"column":0},"end":{"line":54,"column":1}}},"s":{"0":1,"1":1,"4":1,"5":1,"6":1,"8":1,"9":1,"11":1,"12":1,"14":1,"15":1,"16":1,"17":1,"18":1,"20":1,"21":1,"22":1,"23":1,"24":1,"25":1,"26":1,"27":1,"29":1,"30":1,"31":1,"33":4,"34":4,"35":4,"37":4,"38":4,"41":4,"44":4,"47":4,"50":4,"53":4},"branchMap":{"0":{"type":"branch","line":32,"loc":{"start":{"line":32,"column":28},"end":{"line":54,"column":1}},"locations":[{"start":{"line":32,"column":28},"end":{"line":54,"column":1}}]},"1":{"type":"branch","line":48,"loc":{"start":{"line":48,"column":17},"end":{"line":48,"column":39}},"locations":[{"start":{"line":48,"column":17},"end":{"line":48,"column":39}}]}},"b":{"0":[4],"1":[0]},"fnMap":{"0":{"name":"MyAwesomeApp","decl":{"start":{"line":32,"column":28},"end":{"line":54,"column":1}},"loc":{"start":{"line":32,"column":28},"end":{"line":54,"column":1}},"line":32}},"f":{"0":4}}
,"C:\\Users\\daved\\OneDrive\\Escritorio\\React\\02-first-stepts\\src\\main.tsx": {"path":"C:\\Users\\daved\\OneDrive\\Escritorio\\React\\02-first-stepts\\src\\main.tsx","all":true,"statementMap":{"0":{"start":{"line":1,"column":0},"end":{"line":1,"column":32}},"1":{"start":{"line":2,"column":0},"end":{"line":2,"column":77}},"2":{"start":{"line":3,"column":0},"end":{"line":3,"column":77}},"3":{"start":{"line":4,"column":0},"end":{"line":4,"column":34}},"5":{"start":{"line":6,"column":0},"end":{"line":6,"column":36}},"6":{"start":{"line":7,"column":0},"end":{"line":7,"column":92}},"7":{"start":{"line":8,"column":0},"end":{"line":8,"column":45}},"9":{"start":{"line":10,"column":0},"end":{"line":10,"column":48}},"11":{"start":{"line":12,"column":0},"end":{"line":12,"column":71}},"12":{"start":{"line":13,"column":0},"end":{"line":13,"column":47}},"14":{"start":{"line":15,"column":0},"end":{"line":15,"column":64}},"15":{"start":{"line":16,"column":0},"end":{"line":16,"column":87}},"16":{"start":{"line":17,"column":0},"end":{"line":17,"column":78}},"17":{"start":{"line":18,"column":0},"end":{"line":18,"column":51}},"18":{"start":{"line":19,"column":0},"end":{"line":19,"column":52}},"19":{"start":{"line":20,"column":0},"end":{"line":20,"column":52}},"20":{"start":{"line":21,"column":0},"end":{"line":21,"column":63}},"21":{"start":{"line":22,"column":0},"end":{"line":22,"column":14}},"23":{"start":{"line":24,"column":0},"end":{"line":24,"column":21}}},"s":{"0":0,"1":0,"2":0,"3":0,"5":0,"6":0,"7":0,"9":0,"11":0,"12":0,"14":0,"15":0,"16":0,"17":0,"18":0,"19":0,"20":0,"21":0,"23":0},"branchMap":{"0":{"type":"branch","line":1,"loc":{"start":{"line":1,"column":1139},"end":{"line":26,"column":1}},"locations":[{"start":{"line":1,"column":1139},"end":{"line":26,"column":1}}]}},"b":{"0":[0]},"fnMap":{"0":{"name":"(empty-report)","decl":{"start":{"line":1,"column":1139},"end":{"line":26,"column":1}},"loc":{"start":{"line":1,"column":1139},"end":{"line":26,"column":1}},"line":1}},"f":{"0":0}}
,"C:\\Users\\daved\\OneDrive\\Escritorio\\React\\02-first-stepts\\src\\helpers\\math.helper.ts": {"path":"C:\\Users\\daved\\OneDrive\\Escritorio\\React\\02-first-stepts\\src\\helpers\\math.helper.ts","all":false,"statementMap":{"0":{"start":{"line":1,"column":0},"end":{"line":1,"column":54}},"1":{"start":{"line":2,"column":0},"end":{"line":2,"column":17}},"2":{"start":{"line":3,"column":0},"end":{"line":3,"column":2}},"4":{"start":{"line":5,"column":0},"end":{"line":5,"column":60}},"5":{"start":{"line":6,"column":0},"end":{"line":6,"column":17}},"6":{"start":{"line":7,"column":0},"end":{"line":7,"column":2}},"8":{"start":{"line":9,"column":0},"end":{"line":9,"column":59}},"9":{"start":{"line":10,"column":0},"end":{"line":10,"column":17}},"10":{"start":{"line":11,"column":0},"end":{"line":11,"column":2}},"12":{"start":{"line":13,"column":0},"end":{"line":13,"column":57}},"13":{"start":{"line":14,"column":0},"end":{"line":14,"column":65}},"14":{"start":{"line":15,"column":0},"end":{"line":15,"column":17}},"15":{"start":{"line":16,"column":0},"end":{"line":16,"column":2}}},"s":{"0":1,"1":1,"2":1,"4":1,"5":2,"6":2,"8":1,"9":2,"10":2,"12":1,"13":1,"14":1,"15":1},"branchMap":{"0":{"type":"branch","line":1,"loc":{"start":{"line":1,"column":19},"end":{"line":3,"column":2}},"locations":[{"start":{"line":1,"column":19},"end":{"line":3,"column":2}}]},"1":{"type":"branch","line":5,"loc":{"start":{"line":5,"column":25},"end":{"line":7,"column":2}},"locations":[{"start":{"line":5,"column":25},"end":{"line":7,"column":2}}]},"2":{"type":"branch","line":9,"loc":{"start":{"line":9,"column":24},"end":{"line":11,"column":2}},"locations":[{"start":{"line":9,"column":24},"end":{"line":11,"column":2}}]},"3":{"type":"branch","line":13,"loc":{"start":{"line":13,"column":22},"end":{"line":16,"column":2}},"locations":[{"start":{"line":13,"column":22},"end":{"line":16,"column":2}}]},"4":{"type":"branch","line":14,"loc":{"start":{"line":14,"column":17},"end":{"line":14,"column":65}},"locations":[{"start":{"line":14,"column":17},"end":{"line":14,"column":65}}]}},"b":{"0":[1],"1":[2],"2":[2],"3":[1],"4":[0]},"fnMap":{"0":{"name":"add","decl":{"start":{"line":1,"column":19},"end":{"line":3,"column":2}},"loc":{"start":{"line":1,"column":19},"end":{"line":3,"column":2}},"line":1},"1":{"name":"substract","decl":{"start":{"line":5,"column":25},"end":{"line":7,"column":2}},"loc":{"start":{"line":5,"column":25},"end":{"line":7,"column":2}},"line":5},"2":{"name":"multiply","decl":{"start":{"line":9,"column":24},"end":{"line":11,"column":2}},"loc":{"start":{"line":9,"column":24},"end":{"line":11,"column":2}},"line":9},"3":{"name":"divide","decl":{"start":{"line":13,"column":22},"end":{"line":16,"column":2}},"loc":{"start":{"line":13,"column":22},"end":{"line":16,"column":2}},"line":13}},"f":{"0":1,"1":2,"2":2,"3":1}}
,"C:\\Users\\daved\\OneDrive\\Escritorio\\React\\02-first-stepts\\src\\shopping-cart\\ItemCounter.tsx": {"path":"C:\\Users\\daved\\OneDrive\\Escritorio\\React\\02-first-stepts\\src\\shopping-cart\\ItemCounter.tsx","all":false,"statementMap":{"0":{"start":{"line":1,"column":0},"end":{"line":1,"column":38}},"1":{"start":{"line":2,"column":0},"end":{"line":2,"column":69}},"2":{"start":{"line":3,"column":0},"end":{"line":3,"column":33}},"4":{"start":{"line":5,"column":0},"end":{"line":5,"column":31}},"5":{"start":{"line":6,"column":0},"end":{"line":6,"column":85}},"6":{"start":{"line":7,"column":0},"end":{"line":7,"column":46}},"16":{"start":{"line":17,"column":0},"end":{"line":17,"column":35}},"17":{"start":{"line":18,"column":0},"end":{"line":18,"column":63}},"18":{"start":{"line":19,"column":0},"end":{"line":19,"column":72}},"19":{"start":{"line":20,"column":0},"end":{"line":20,"column":63}},"20":{"start":{"line":21,"column":0},"end":{"line":21,"column":57}},"21":{"start":{"line":22,"column":0},"end":{"line":22,"column":44}},"22":{"start":{"line":23,"column":0},"end":{"line":23,"column":49}},"24":{"start":{"line":25,"column":0},"end":{"line":25,"column":38}},"25":{"start":{"line":26,"column":0},"end":{"line":26,"column":29}},"26":{"start":{"line":27,"column":0},"end":{"line":27,"column":28}},"27":{"start":{"line":28,"column":0},"end":{"line":28,"column":5}},"29":{"start":{"line":30,"column":0},"end":{"line":30,"column":43}},"30":{"start":{"line":31,"column":0},"end":{"line":31,"column":54}},"31":{"start":{"line":32,"column":0},"end":{"line":32,"column":35}},"32":{"start":{"line":33,"column":0},"end":{"line":33,"column":32}},"33":{"start":{"line":34,"column":0},"end":{"line":34,"column":28}},"34":{"start":{"line":35,"column":0},"end":{"line":35,"column":5}},"36":{"start":{"line":37,"column":0},"end":{"line":37,"column":12}},"37":{"start":{"line":38,"column":0},"end":{"line":38,"column":16}},"38":{"start":{"line":39,"column":0},"end":{"line":39,"column":53}},"39":{"start":{"line":40,"column":0},"end":{"line":40,"column":38}},"42":{"start":{"line":43,"column":0},"end":{"line":43,"column":17}},"43":{"start":{"line":44,"column":0},"end":{"line":44,"column":56}},"44":{"start":{"line":45,"column":0},"end":{"line":45,"column":57}},"45":{"start":{"line":46,"column":0},"end":{"line":46,"column":24}},"46":{"start":{"line":47,"column":0},"end":{"line":47,"column":57}},"47":{"start":{"line":48,"column":0},"end":{"line":48,"column":18}},"49":{"start":{"line":50,"column":0},"end":{"line":50,"column":22}},"53":{"start":{"line":54,"column":0},"end":{"line":54,"column":51}},"56":{"start":{"line":57,"column":0},"end":{"line":57,"column":32}},"59":{"start":{"line":60,"column":0},"end":{"line":60,"column":57}},"62":{"start":{"line":63,"column":0},"end":{"line":63,"column":1}}},"s":{"0":1,"1":1,"2":1,"4":1,"5":1,"6":1,"16":1,"17":1,"18":1,"19":1,"20":8,"21":8,"22":8,"24":8,"25":8,"26":1,"27":1,"29":8,"30":8,"31":8,"32":2,"33":1,"34":1,"36":8,"37":8,"38":8,"39":8,"42":8,"43":8,"44":8,"45":8,"46":8,"47":8,"49":8,"53":8,"56":8,"59":8,"62":8},"branchMap":{"0":{"type":"branch","line":20,"loc":{"start":{"line":20,"column":27},"end":{"line":63,"column":1}},"locations":[{"start":{"line":20,"column":27},"end":{"line":63,"column":1}}]},"1":{"type":"branch","line":47,"loc":{"start":{"line":47,"column":37},"end":{"line":47,"column":49}},"locations":[{"start":{"line":47,"column":37},"end":{"line":47,"column":49}}]},"2":{"type":"branch","line":47,"loc":{"start":{"line":47,"column":41},"end":{"line":47,"column":57}},"locations":[{"start":{"line":47,"column":41},"end":{"line":47,"column":57}}]},"3":{"type":"branch","line":26,"loc":{"start":{"line":26,"column":22},"end":{"line":28,"column":5}},"locations":[{"start":{"line":26,"column":22},"end":{"line":28,"column":5}}]},"4":{"type":"branch","line":32,"loc":{"start":{"line":32,"column":28},"end":{"line":35,"column":5}},"locations":[{"start":{"line":32,"column":28},"end":{"line":35,"column":5}}]},"5":{"type":"branch","line":33,"loc":{"start":{"line":33,"column":25},"end":{"line":35,"column":5}},"locations":[{"start":{"line":33,"column":25},"end":{"line":35,"column":5}}]}},"b":{"0":[8],"1":[3],"2":[5],"3":[1],"4":[2],"5":[1]},"fnMap":{"0":{"name":"ItemCounter","decl":{"start":{"line":20,"column":27},"end":{"line":63,"column":1}},"loc":{"start":{"line":20,"column":27},"end":{"line":63,"column":1}},"line":20},"1":{"name":"handleAdd","decl":{"start":{"line":26,"column":22},"end":{"line":28,"column":5}},"loc":{"start":{"line":26,"column":22},"end":{"line":28,"column":5}},"line":26},"2":{"name":"handleSubstract","decl":{"start":{"line":32,"column":28},"end":{"line":35,"column":5}},"loc":{"start":{"line":32,"column":28},"end":{"line":35,"column":5}},"line":32}},"f":{"0":8,"1":1,"2":2}}
}
